[2025-12-05 00:23:47] === Docker Cleanup Script Started ===
[2025-12-05 00:23:47] Checking Docker daemon health...
[2025-12-05 00:23:47] Docker daemon is healthy
[2025-12-05 00:23:47] Checking for stale docker-proxy processes...
[2025-12-05 00:23:48] WARNING: Found stale docker-proxy processes for port 2283: 1403004
1403011
[2025-12-05 00:23:48] Immich containers are running, proxies are legitimate
[2025-12-05 00:23:48] Performing Docker cleanup...
[2025-12-05 00:23:48] Docker system cleanup completed
[2025-12-05 00:23:48]   Total reclaimed space: 0B
[2025-12-05 00:23:48] Docker network cleanup completed
[2025-12-05 00:23:48] Checking Immich service health...
[2025-12-05 00:23:48] Immich is healthy (all 4 containers running, API responding)
[2025-12-05 00:23:48] === Docker Cleanup Script Completed ===

[2025-12-05 12:00:01] === Docker Cleanup Script Started ===
[2025-12-05 12:00:01] Checking Docker daemon health...
[2025-12-05 12:00:01] Docker daemon is healthy
[2025-12-05 12:00:01] Checking for stale docker-proxy processes...
[2025-12-05 12:00:01] WARNING: Found stale docker-proxy processes for port 2283: 1403004
1403011
[2025-12-05 12:00:02] Immich containers are running, proxies are legitimate
[2025-12-05 12:00:02] Performing Docker cleanup...
[2025-12-05 12:00:02] Docker system cleanup completed
[2025-12-05 12:00:02]   Deleted Images:
[2025-12-05 12:00:02]   Deleted build cache objects:
[2025-12-05 12:00:02]   Total reclaimed space: 115.7MB
[2025-12-05 12:00:02] Docker network cleanup completed
[2025-12-05 12:00:02] Checking Immich service health...
[2025-12-05 12:00:02] Immich is healthy (all 4 containers running, API responding)
[2025-12-05 12:00:02] === Docker Cleanup Script Completed ===

[2025-12-05 18:00:01] === Docker Cleanup Script Started ===
[2025-12-05 18:00:01] Checking Docker daemon health...
[2025-12-05 18:00:01] Docker daemon is healthy
[2025-12-05 18:00:01] Checking for stale docker-proxy processes...
[2025-12-05 18:00:01] WARNING: Found stale docker-proxy processes for port 2283: 1403004
1403011
[2025-12-05 18:00:01] Immich containers are running, proxies are legitimate
[2025-12-05 18:00:01] Performing Docker cleanup...
[2025-12-05 18:00:02] Docker system cleanup completed
[2025-12-05 18:00:02]   Deleted Images:
[2025-12-05 18:00:02]   Deleted build cache objects:
[2025-12-05 18:00:02]   Total reclaimed space: 588.5MB
[2025-12-05 18:00:02] Docker network cleanup completed
[2025-12-05 18:00:02] Checking Immich service health...
[2025-12-05 18:00:02] Immich is healthy (all 4 containers running, API responding)
[2025-12-05 18:00:02] === Docker Cleanup Script Completed ===

[2025-12-06 00:00:01] === Docker Cleanup Script Started ===
[2025-12-06 00:00:01] Checking Docker daemon health...
[2025-12-06 00:00:01] Docker daemon is healthy
[2025-12-06 00:00:01] Checking for stale docker-proxy processes...
[2025-12-06 00:00:01] WARNING: Found stale docker-proxy processes for port 2283: 1403004
1403011
[2025-12-06 00:00:01] Immich containers are running, proxies are legitimate
[2025-12-06 00:00:01] Performing Docker cleanup...
[2025-12-06 00:00:01] Docker system cleanup completed
[2025-12-06 00:00:02]   Deleted Images:
[2025-12-06 00:00:02]   Deleted build cache objects:
[2025-12-06 00:00:02]   Total reclaimed space: 288.5MB
[2025-12-06 00:00:02] Docker network cleanup completed
[2025-12-06 00:00:02] Checking Immich service health...
[2025-12-06 00:00:02] Immich is healthy (all 4 containers running, API responding)
[2025-12-06 00:00:02] === Docker Cleanup Script Completed ===

[2025-12-06 02:00:01] === Docker Cleanup Script Started ===
[2025-12-06 02:00:01] Checking Docker daemon health...
[2025-12-06 02:00:01] Docker daemon is healthy
[2025-12-06 02:00:01] Checking for stale docker-proxy processes...
[2025-12-06 02:00:01] WARNING: Found stale docker-proxy processes for port 2283: 1403004
1403011
[2025-12-06 02:00:01] Immich containers are running, proxies are legitimate
[2025-12-06 02:00:01] Performing Docker cleanup...
[2025-12-06 02:00:01] Docker system cleanup completed
[2025-12-06 02:00:01]   Total reclaimed space: 0B
[2025-12-06 02:00:01] Docker network cleanup completed
[2025-12-06 02:00:01] Checking Immich service health...
[2025-12-06 02:00:01] Immich is healthy (all 4 containers running, API responding)
[2025-12-06 02:00:01] === Docker Cleanup Script Completed ===

[2025-12-06 06:00:01] === Docker Cleanup Script Started ===
[2025-12-06 06:00:01] Checking Docker daemon health...
[2025-12-06 06:00:01] Docker daemon is healthy
[2025-12-06 06:00:01] Checking for stale docker-proxy processes...
[2025-12-06 06:00:01] WARNING: Found stale docker-proxy processes for port 2283: 1403004
1403011
[2025-12-06 06:00:01] Immich containers are running, proxies are legitimate
[2025-12-06 06:00:01] Performing Docker cleanup...
[2025-12-06 06:00:01] Docker system cleanup completed
[2025-12-06 06:00:01]   Total reclaimed space: 0B
[2025-12-06 06:00:01] Docker network cleanup completed
[2025-12-06 06:00:01] Checking Immich service health...
[2025-12-06 06:00:02] Immich is healthy (all 4 containers running, API responding)
[2025-12-06 06:00:02] === Docker Cleanup Script Completed ===

[2025-12-06 12:00:01] === Docker Cleanup Script Started ===
[2025-12-06 12:00:01] Checking Docker daemon health...
[2025-12-06 12:00:01] Docker daemon is healthy
[2025-12-06 12:00:01] Checking for stale docker-proxy processes...
[2025-12-06 12:00:01] WARNING: Found stale docker-proxy processes for port 2283: 1403004
1403011
[2025-12-06 12:00:01] Immich containers are running, proxies are legitimate
[2025-12-06 12:00:01] Performing Docker cleanup...
[2025-12-06 12:00:01] Docker system cleanup completed
[2025-12-06 12:00:01]   Total reclaimed space: 0B
[2025-12-06 12:00:01] Docker network cleanup completed
[2025-12-06 12:00:01] Checking Immich service health...
[2025-12-06 12:00:01] Immich is healthy (all 4 containers running, API responding)
[2025-12-06 12:00:01] === Docker Cleanup Script Completed ===

[2025-12-06 18:00:01] === Docker Cleanup Script Started ===
[2025-12-06 18:00:01] Checking Docker daemon health...
[2025-12-06 18:00:02] Docker daemon is healthy
[2025-12-06 18:00:02] Checking for stale docker-proxy processes...
[2025-12-06 18:00:02] WARNING: Found stale docker-proxy processes for port 2283: 1403004
1403011
[2025-12-06 18:00:02] Immich containers are running, proxies are legitimate
[2025-12-06 18:00:02] Performing Docker cleanup...
[2025-12-06 18:00:02] Docker system cleanup completed
[2025-12-06 18:00:02]   Total reclaimed space: 0B
[2025-12-06 18:00:02] Docker network cleanup completed
[2025-12-06 18:00:02] Checking Immich service health...
[2025-12-06 18:00:02] Immich is healthy (all 4 containers running, API responding)
[2025-12-06 18:00:02] === Docker Cleanup Script Completed ===

[2025-12-07 00:00:01] === Docker Cleanup Script Started ===
[2025-12-07 00:00:01] Checking Docker daemon health...
[2025-12-07 00:00:01] Docker daemon is healthy
[2025-12-07 00:00:01] Checking for stale docker-proxy processes...
[2025-12-07 00:00:01] WARNING: Found stale docker-proxy processes for port 2283: 1403004
1403011
[2025-12-07 00:00:01] Immich containers are running, proxies are legitimate
[2025-12-07 00:00:01] Performing Docker cleanup...
[2025-12-07 00:00:01] Docker system cleanup completed
[2025-12-07 00:00:01]   Total reclaimed space: 0B
[2025-12-07 00:00:01] Docker network cleanup completed
[2025-12-07 00:00:01] Checking Immich service health...
[2025-12-07 00:00:01] Immich is healthy (all 4 containers running, API responding)
[2025-12-07 00:00:01] === Docker Cleanup Script Completed ===

[2025-12-07 02:00:01] === Docker Cleanup Script Started ===
[2025-12-07 02:00:01] Checking Docker daemon health...
[2025-12-07 02:00:01] Docker daemon is healthy
[2025-12-07 02:00:01] Checking for stale docker-proxy processes...
[2025-12-07 02:00:01] WARNING: Found stale docker-proxy processes for port 2283: 1403004
1403011
[2025-12-07 02:00:01] Immich containers are running, proxies are legitimate
[2025-12-07 02:00:01] Performing Docker cleanup...
[2025-12-07 02:00:01] Docker system cleanup completed
[2025-12-07 02:00:01]   Total reclaimed space: 0B
[2025-12-07 02:00:01] Docker network cleanup completed
[2025-12-07 02:00:01] Checking Immich service health...
[2025-12-07 02:00:01] Immich is healthy (all 4 containers running, API responding)
[2025-12-07 02:00:01] === Docker Cleanup Script Completed ===

[2025-12-07 06:00:01] === Docker Cleanup Script Started ===
[2025-12-07 06:00:01] Checking Docker daemon health...
[2025-12-07 06:00:01] Docker daemon is healthy
[2025-12-07 06:00:01] Checking for stale docker-proxy processes...
[2025-12-07 06:00:01] WARNING: Found stale docker-proxy processes for port 2283: 1403004
1403011
[2025-12-07 06:00:02] Immich containers are running, proxies are legitimate
[2025-12-07 06:00:02] Performing Docker cleanup...
[2025-12-07 06:00:02] Docker system cleanup completed
[2025-12-07 06:00:02]   Total reclaimed space: 0B
[2025-12-07 06:00:02] Docker network cleanup completed
[2025-12-07 06:00:02] Checking Immich service health...
[2025-12-07 06:00:02] Immich is healthy (all 4 containers running, API responding)
[2025-12-07 06:00:02] === Docker Cleanup Script Completed ===

[2025-12-07 12:00:01] === Docker Cleanup Script Started ===
[2025-12-07 12:00:01] Checking Docker daemon health...
[2025-12-07 12:00:01] Docker daemon is healthy
[2025-12-07 12:00:01] Checking for stale docker-proxy processes...
[2025-12-07 12:00:01] WARNING: Found stale docker-proxy processes for port 2283: 1403004
1403011
[2025-12-07 12:00:01] Immich containers are running, proxies are legitimate
[2025-12-07 12:00:01] Performing Docker cleanup...
[2025-12-07 12:00:01] Docker system cleanup completed
[2025-12-07 12:00:01]   Total reclaimed space: 0B
[2025-12-07 12:00:01] Docker network cleanup completed
[2025-12-07 12:00:01] Checking Immich service health...
[2025-12-07 12:00:01] Immich is healthy (all 4 containers running, API responding)
[2025-12-07 12:00:01] === Docker Cleanup Script Completed ===

[2025-12-07 18:00:01] === Docker Cleanup Script Started ===
[2025-12-07 18:00:01] Checking Docker daemon health...
[2025-12-07 18:00:01] Docker daemon is healthy
[2025-12-07 18:00:01] Checking for stale docker-proxy processes...
[2025-12-07 18:00:01] WARNING: Found stale docker-proxy processes for port 2283: 1403004
1403011
[2025-12-07 18:00:01] Immich containers are running, proxies are legitimate
[2025-12-07 18:00:01] Performing Docker cleanup...
[2025-12-07 18:00:01] Docker system cleanup completed
[2025-12-07 18:00:01]   Total reclaimed space: 0B
[2025-12-07 18:00:01] Docker network cleanup completed
[2025-12-07 18:00:01] Checking Immich service health...
[2025-12-07 18:00:01] Immich is healthy (all 4 containers running, API responding)
[2025-12-07 18:00:01] === Docker Cleanup Script Completed ===

[2025-12-08 00:00:01] === Docker Cleanup Script Started ===
[2025-12-08 00:00:01] Checking Docker daemon health...
[2025-12-08 00:00:01] Docker daemon is healthy
[2025-12-08 00:00:01] Checking for stale docker-proxy processes...
[2025-12-08 00:00:01] WARNING: Found stale docker-proxy processes for port 2283: 1403004
1403011
[2025-12-08 00:00:01] Immich containers are running, proxies are legitimate
[2025-12-08 00:00:01] Performing Docker cleanup...
[2025-12-08 00:00:01] Docker system cleanup completed
[2025-12-08 00:00:01]   Deleted Images:
[2025-12-08 00:00:01]   Deleted build cache objects:
[2025-12-08 00:00:01]   Total reclaimed space: 28.91MB
[2025-12-08 00:00:01] Docker network cleanup completed
[2025-12-08 00:00:01] Checking Immich service health...
[2025-12-08 00:00:02] Immich is healthy (all 4 containers running, API responding)
[2025-12-08 00:00:02] === Docker Cleanup Script Completed ===

[2025-12-08 02:00:01] === Docker Cleanup Script Started ===
[2025-12-08 02:00:01] Checking Docker daemon health...
[2025-12-08 02:00:01] Docker daemon is healthy
[2025-12-08 02:00:01] Checking for stale docker-proxy processes...
[2025-12-08 02:00:01] WARNING: Found stale docker-proxy processes for port 2283: 1403004
1403011
[2025-12-08 02:00:01] Immich containers are running, proxies are legitimate
[2025-12-08 02:00:01] Performing Docker cleanup...
[2025-12-08 02:00:01] Docker system cleanup completed
[2025-12-08 02:00:01]   Total reclaimed space: 0B
[2025-12-08 02:00:01] Docker network cleanup completed
[2025-12-08 02:00:01] Checking Immich service health...
[2025-12-08 02:00:01] Immich is healthy (all 4 containers running, API responding)
[2025-12-08 02:00:01] === Docker Cleanup Script Completed ===

[2025-12-08 06:00:01] === Docker Cleanup Script Started ===
[2025-12-08 06:00:01] Checking Docker daemon health...
[2025-12-08 06:00:01] Docker daemon is healthy
[2025-12-08 06:00:01] Checking for stale docker-proxy processes...
[2025-12-08 06:00:01] WARNING: Found stale docker-proxy processes for port 2283: 1403004
1403011
[2025-12-08 06:00:01] Immich containers are running, proxies are legitimate
[2025-12-08 06:00:01] Performing Docker cleanup...
[2025-12-08 06:00:01] Docker system cleanup completed
[2025-12-08 06:00:01]   Total reclaimed space: 0B
[2025-12-08 06:00:01] Docker network cleanup completed
[2025-12-08 06:00:01] Checking Immich service health...
[2025-12-08 06:00:01] Immich is healthy (all 4 containers running, API responding)
[2025-12-08 06:00:01] === Docker Cleanup Script Completed ===

[2025-12-08 12:00:01] === Docker Cleanup Script Started ===
[2025-12-08 12:00:01] Checking Docker daemon health...
[2025-12-08 12:00:01] Docker daemon is healthy
[2025-12-08 12:00:01] Checking for stale docker-proxy processes...
[2025-12-08 12:00:01] WARNING: Found stale docker-proxy processes for port 2283: 1403004
1403011
[2025-12-08 12:00:01] Immich containers are running, proxies are legitimate
[2025-12-08 12:00:01] Performing Docker cleanup...
[2025-12-08 12:00:01] Docker system cleanup completed
[2025-12-08 12:00:01]   Total reclaimed space: 0B
[2025-12-08 12:00:01] Docker network cleanup completed
[2025-12-08 12:00:01] Checking Immich service health...
[2025-12-08 12:00:01] Immich is healthy (all 4 containers running, API responding)
[2025-12-08 12:00:01] === Docker Cleanup Script Completed ===

[2025-12-08 18:00:01] === Docker Cleanup Script Started ===
[2025-12-08 18:00:01] Checking Docker daemon health...
[2025-12-08 18:00:01] Docker daemon is healthy
[2025-12-08 18:00:01] Checking for stale docker-proxy processes...
[2025-12-08 18:00:01] WARNING: Found stale docker-proxy processes for port 2283: 1403004
1403011
[2025-12-08 18:00:02] Immich containers are running, proxies are legitimate
[2025-12-08 18:00:02] Performing Docker cleanup...
[2025-12-08 18:00:02] Docker system cleanup completed
[2025-12-08 18:00:02]   Total reclaimed space: 0B
[2025-12-08 18:00:02] Docker network cleanup completed
[2025-12-08 18:00:02] Checking Immich service health...
[2025-12-08 18:00:02] Immich is healthy (all 4 containers running, API responding)
[2025-12-08 18:00:02] === Docker Cleanup Script Completed ===

[2025-12-09 00:00:01] === Docker Cleanup Script Started ===
[2025-12-09 00:00:01] Checking Docker daemon health...
[2025-12-09 00:00:01] Docker daemon is healthy
[2025-12-09 00:00:01] Checking for stale docker-proxy processes...
[2025-12-09 00:00:01] WARNING: Found stale docker-proxy processes for port 2283: 1403004
1403011
[2025-12-09 00:00:01] Immich containers are running, proxies are legitimate
[2025-12-09 00:00:01] Performing Docker cleanup...
[2025-12-09 00:00:02] Docker system cleanup completed
[2025-12-09 00:00:02]   Deleted Images:
[2025-12-09 00:00:02]   Deleted build cache objects:
[2025-12-09 00:00:03]   Total reclaimed space: 888.9MB
[2025-12-09 00:00:03] Docker network cleanup completed
[2025-12-09 00:00:03] Checking Immich service health...
[2025-12-09 00:00:03] Immich is healthy (all 4 containers running, API responding)
[2025-12-09 00:00:03] === Docker Cleanup Script Completed ===

[2025-12-09 02:00:01] === Docker Cleanup Script Started ===
[2025-12-09 02:00:01] Checking Docker daemon health...
[2025-12-09 02:00:01] Docker daemon is healthy
[2025-12-09 02:00:01] Checking for stale docker-proxy processes...
[2025-12-09 02:00:01] WARNING: Found stale docker-proxy processes for port 2283: 1403004
1403011
[2025-12-09 02:00:01] Immich containers are running, proxies are legitimate
[2025-12-09 02:00:01] Performing Docker cleanup...
[2025-12-09 02:00:01] Docker system cleanup completed
[2025-12-09 02:00:01]   Total reclaimed space: 0B
[2025-12-09 02:00:01] Docker network cleanup completed
[2025-12-09 02:00:01] Checking Immich service health...
[2025-12-09 02:00:01] Immich is healthy (all 4 containers running, API responding)
[2025-12-09 02:00:01] === Docker Cleanup Script Completed ===

[2025-12-09 06:00:01] === Docker Cleanup Script Started ===
[2025-12-09 06:00:01] Checking Docker daemon health...
[2025-12-09 06:00:01] Docker daemon is healthy
[2025-12-09 06:00:01] Checking for stale docker-proxy processes...
[2025-12-09 06:00:01] WARNING: Found stale docker-proxy processes for port 2283: 1403004
1403011
[2025-12-09 06:00:01] Immich containers are running, proxies are legitimate
[2025-12-09 06:00:01] Performing Docker cleanup...
[2025-12-09 06:00:02] Docker system cleanup completed
[2025-12-09 06:00:02]   Deleted Images:
[2025-12-09 06:00:02]   Deleted build cache objects:
[2025-12-09 06:00:02]   Total reclaimed space: 304.2MB
[2025-12-09 06:00:02] Docker network cleanup completed
[2025-12-09 06:00:02] Checking Immich service health...
[2025-12-09 06:00:02] Immich is healthy (all 4 containers running, API responding)
[2025-12-09 06:00:02] === Docker Cleanup Script Completed ===

[2025-12-09 12:00:01] === Docker Cleanup Script Started ===
[2025-12-09 12:00:01] Checking Docker daemon health...
[2025-12-09 12:00:01] Docker daemon is healthy
[2025-12-09 12:00:01] Checking for stale docker-proxy processes...
[2025-12-09 12:00:01] WARNING: Found stale docker-proxy processes for port 2283: 1403004
1403011
[2025-12-09 12:00:01] Immich containers are running, proxies are legitimate
[2025-12-09 12:00:01] Performing Docker cleanup...
[2025-12-09 12:00:02] Docker system cleanup completed
[2025-12-09 12:00:02]   Deleted Images:
[2025-12-09 12:00:02]   Deleted build cache objects:
[2025-12-09 12:00:02]   Total reclaimed space: 288.6MB
[2025-12-09 12:00:02] Docker network cleanup completed
[2025-12-09 12:00:02] Checking Immich service health...
[2025-12-09 12:00:02] Immich is healthy (all 4 containers running, API responding)
[2025-12-09 12:00:02] === Docker Cleanup Script Completed ===

[2025-12-09 18:00:01] === Docker Cleanup Script Started ===
[2025-12-09 18:00:01] Checking Docker daemon health...
[2025-12-09 18:00:01] Docker daemon is healthy
[2025-12-09 18:00:01] Checking for stale docker-proxy processes...
[2025-12-09 18:00:01] WARNING: Found stale docker-proxy processes for port 2283: 1403004
1403011
[2025-12-09 18:00:01] Immich containers are running, proxies are legitimate
[2025-12-09 18:00:01] Performing Docker cleanup...
[2025-12-09 18:00:01] Docker system cleanup completed
[2025-12-09 18:00:01]   Total reclaimed space: 0B
[2025-12-09 18:00:02] Docker network cleanup completed
[2025-12-09 18:00:02] Checking Immich service health...
[2025-12-09 18:00:02] Immich is healthy (all 4 containers running, API responding)
[2025-12-09 18:00:02] === Docker Cleanup Script Completed ===

[2025-12-10 00:00:01] === Docker Cleanup Script Started ===
[2025-12-10 00:00:01] Checking Docker daemon health...
[2025-12-10 00:00:01] Docker daemon is healthy
[2025-12-10 00:00:01] Checking for stale docker-proxy processes...
[2025-12-10 00:00:01] WARNING: Found stale docker-proxy processes for port 2283: 1403004
1403011
[2025-12-10 00:00:01] Immich containers are running, proxies are legitimate
[2025-12-10 00:00:01] Performing Docker cleanup...
[2025-12-10 00:00:02] Docker system cleanup completed
[2025-12-10 00:00:02]   Deleted Images:
[2025-12-10 00:00:02]   Deleted build cache objects:
[2025-12-10 00:00:02]   Total reclaimed space: 44.87MB
[2025-12-10 00:00:02] Docker network cleanup completed
[2025-12-10 00:00:02] Checking Immich service health...
[2025-12-10 00:00:02] Immich is healthy (all 4 containers running, API responding)
[2025-12-10 00:00:02] === Docker Cleanup Script Completed ===

[2025-12-10 02:00:01] === Docker Cleanup Script Started ===
[2025-12-10 02:00:01] Checking Docker daemon health...
[2025-12-10 02:00:01] Docker daemon is healthy
[2025-12-10 02:00:01] Checking for stale docker-proxy processes...
[2025-12-10 02:00:01] WARNING: Found stale docker-proxy processes for port 2283: 1403004
1403011
[2025-12-10 02:00:01] Immich containers are running, proxies are legitimate
[2025-12-10 02:00:01] Performing Docker cleanup...
[2025-12-10 02:00:02] Docker system cleanup completed
[2025-12-10 02:00:02]   Deleted Images:
[2025-12-10 02:00:02]   Deleted build cache objects:
[2025-12-10 02:00:02]   Total reclaimed space: 515.5MB
[2025-12-10 02:00:02] Docker network cleanup completed
[2025-12-10 02:00:02] Checking Immich service health...
[2025-12-10 02:00:02] Immich is healthy (all 4 containers running, API responding)
[2025-12-10 02:00:02] === Docker Cleanup Script Completed ===

[2025-12-10 06:00:01] === Docker Cleanup Script Started ===
[2025-12-10 06:00:01] Checking Docker daemon health...
[2025-12-10 06:00:01] Docker daemon is healthy
[2025-12-10 06:00:01] Checking for stale docker-proxy processes...
[2025-12-10 06:00:01] WARNING: Found stale docker-proxy processes for port 2283: 1403004
1403011
[2025-12-10 06:00:01] Immich containers are running, proxies are legitimate
[2025-12-10 06:00:01] Performing Docker cleanup...
[2025-12-10 06:00:02] Docker system cleanup completed
[2025-12-10 06:00:02]   Deleted Images:
[2025-12-10 06:00:02]   Deleted build cache objects:
[2025-12-10 06:00:02]   Total reclaimed space: 572.4MB
[2025-12-10 06:00:02] Docker network cleanup completed
[2025-12-10 06:00:02] Checking Immich service health...
[2025-12-10 06:00:02] Immich is healthy (all 4 containers running, API responding)
[2025-12-10 06:00:02] === Docker Cleanup Script Completed ===

[2025-12-10 12:00:01] === Docker Cleanup Script Started ===
[2025-12-10 12:00:01] Checking Docker daemon health...
[2025-12-10 12:00:01] Docker daemon is healthy
[2025-12-10 12:00:01] Checking for stale docker-proxy processes...
[2025-12-10 12:00:01] WARNING: Found stale docker-proxy processes for port 2283: 1403004
1403011
[2025-12-10 12:00:01] Immich containers are running, proxies are legitimate
[2025-12-10 12:00:01] Performing Docker cleanup...
[2025-12-10 12:00:01] Docker system cleanup completed
[2025-12-10 12:00:01]   Total reclaimed space: 0B
[2025-12-10 12:00:01] Docker network cleanup completed
[2025-12-10 12:00:01] Checking Immich service health...
[2025-12-10 12:00:01] Immich is healthy (all 4 containers running, API responding)
[2025-12-10 12:00:01] === Docker Cleanup Script Completed ===

[2025-12-10 18:00:01] === Docker Cleanup Script Started ===
[2025-12-10 18:00:01] Checking Docker daemon health...
[2025-12-10 18:00:01] Docker daemon is healthy
[2025-12-10 18:00:01] Checking for stale docker-proxy processes...
[2025-12-10 18:00:01] WARNING: Found stale docker-proxy processes for port 2283: 1403004
1403011
[2025-12-10 18:00:02] Immich containers are running, proxies are legitimate
[2025-12-10 18:00:02] Performing Docker cleanup...
[2025-12-10 18:00:02] Docker system cleanup completed
[2025-12-10 18:00:02]   Total reclaimed space: 0B
[2025-12-10 18:00:02] Docker network cleanup completed
[2025-12-10 18:00:02] Checking Immich service health...
[2025-12-10 18:00:02] Immich is healthy (all 4 containers running, API responding)
[2025-12-10 18:00:02] === Docker Cleanup Script Completed ===

[2025-12-11 00:00:01] === Docker Cleanup Script Started ===
[2025-12-11 00:00:01] Checking Docker daemon health...
[2025-12-11 00:00:01] Docker daemon is healthy
[2025-12-11 00:00:01] Checking for stale docker-proxy processes...
[2025-12-11 00:00:01] WARNING: Found stale docker-proxy processes for port 2283: 1403004
1403011
[2025-12-11 00:00:01] Immich containers are running, proxies are legitimate
[2025-12-11 00:00:01] Performing Docker cleanup...
[2025-12-11 00:00:01] Docker system cleanup completed
[2025-12-11 00:00:01]   Total reclaimed space: 0B
[2025-12-11 00:00:01] Docker network cleanup completed
[2025-12-11 00:00:01] Checking Immich service health...
[2025-12-11 00:00:02] Immich is healthy (all 4 containers running, API responding)
[2025-12-11 00:00:02] === Docker Cleanup Script Completed ===

[2025-12-11 02:00:01] === Docker Cleanup Script Started ===
[2025-12-11 02:00:01] Checking Docker daemon health...
[2025-12-11 02:00:01] Docker daemon is healthy
[2025-12-11 02:00:01] Checking for stale docker-proxy processes...
[2025-12-11 02:00:01] WARNING: Found stale docker-proxy processes for port 2283: 1403004
1403011
[2025-12-11 02:00:01] Immich containers are running, proxies are legitimate
[2025-12-11 02:00:01] Performing Docker cleanup...
[2025-12-11 02:00:01] Docker system cleanup completed
[2025-12-11 02:00:01]   Total reclaimed space: 0B
[2025-12-11 02:00:01] Docker network cleanup completed
[2025-12-11 02:00:01] Checking Immich service health...
[2025-12-11 02:00:01] Immich is healthy (all 4 containers running, API responding)
[2025-12-11 02:00:01] === Docker Cleanup Script Completed ===

[2025-12-11 06:00:01] === Docker Cleanup Script Started ===
[2025-12-11 06:00:01] Checking Docker daemon health...
[2025-12-11 06:00:01] Docker daemon is healthy
[2025-12-11 06:00:01] Checking for stale docker-proxy processes...
[2025-12-11 06:00:01] WARNING: Found stale docker-proxy processes for port 2283: 1403004
1403011
[2025-12-11 06:00:01] Immich containers are running, proxies are legitimate
[2025-12-11 06:00:01] Performing Docker cleanup...
[2025-12-11 06:00:01] Docker system cleanup completed
[2025-12-11 06:00:01]   Total reclaimed space: 0B
[2025-12-11 06:00:01] Docker network cleanup completed
[2025-12-11 06:00:01] Checking Immich service health...
[2025-12-11 06:00:01] Immich is healthy (all 4 containers running, API responding)
[2025-12-11 06:00:01] === Docker Cleanup Script Completed ===

[2025-12-11 12:00:01] === Docker Cleanup Script Started ===
[2025-12-11 12:00:01] Checking Docker daemon health...
[2025-12-11 12:00:01] Docker daemon is healthy
[2025-12-11 12:00:01] Checking for stale docker-proxy processes...
[2025-12-11 12:00:01] WARNING: Found stale docker-proxy processes for port 2283: 1403004
1403011
[2025-12-11 12:00:01] Immich containers are running, proxies are legitimate
[2025-12-11 12:00:01] Performing Docker cleanup...
[2025-12-11 12:00:01] Docker system cleanup completed
[2025-12-11 12:00:01]   Total reclaimed space: 0B
[2025-12-11 12:00:01] Docker network cleanup completed
[2025-12-11 12:00:01] Checking Immich service health...
[2025-12-11 12:00:01] Immich is healthy (all 4 containers running, API responding)
[2025-12-11 12:00:01] === Docker Cleanup Script Completed ===

[2025-12-11 18:00:01] === Docker Cleanup Script Started ===
[2025-12-11 18:00:01] Checking Docker daemon health...
[2025-12-11 18:00:01] Docker daemon is healthy
[2025-12-11 18:00:01] Checking for stale docker-proxy processes...
[2025-12-11 18:00:01] WARNING: Found stale docker-proxy processes for port 2283: 1403004
1403011
[2025-12-11 18:00:02] Immich containers are running, proxies are legitimate
[2025-12-11 18:00:02] Performing Docker cleanup...
[2025-12-11 18:00:02] Docker system cleanup completed
[2025-12-11 18:00:02]   Total reclaimed space: 0B
[2025-12-11 18:00:02] Docker network cleanup completed
[2025-12-11 18:00:02] Checking Immich service health...
[2025-12-11 18:00:02] Immich is healthy (all 4 containers running, API responding)
[2025-12-11 18:00:02] === Docker Cleanup Script Completed ===

[2025-12-12 00:00:01] === Docker Cleanup Script Started ===
[2025-12-12 00:00:01] Checking Docker daemon health...
[2025-12-12 00:00:01] Docker daemon is healthy
[2025-12-12 00:00:01] Checking for stale docker-proxy processes...
[2025-12-12 00:00:01] WARNING: Found stale docker-proxy processes for port 2283: 1403004
1403011
[2025-12-12 00:00:01] Immich containers are running, proxies are legitimate
[2025-12-12 00:00:01] Performing Docker cleanup...
[2025-12-12 00:00:01] Docker system cleanup completed
[2025-12-12 00:00:01]   Total reclaimed space: 0B
[2025-12-12 00:00:01] Docker network cleanup completed
[2025-12-12 00:00:01] Checking Immich service health...
[2025-12-12 00:00:01] Immich is healthy (all 4 containers running, API responding)
[2025-12-12 00:00:01] === Docker Cleanup Script Completed ===

[2025-12-12 02:00:01] === Docker Cleanup Script Started ===
[2025-12-12 02:00:01] Checking Docker daemon health...
[2025-12-12 02:00:01] Docker daemon is healthy
[2025-12-12 02:00:01] Checking for stale docker-proxy processes...
[2025-12-12 02:00:01] WARNING: Found stale docker-proxy processes for port 2283: 1403004
1403011
[2025-12-12 02:00:02] Immich containers are running, proxies are legitimate
[2025-12-12 02:00:02] Performing Docker cleanup...
[2025-12-12 02:00:02] Docker system cleanup completed
[2025-12-12 02:00:02]   Total reclaimed space: 0B
[2025-12-12 02:00:02] Docker network cleanup completed
[2025-12-12 02:00:02] Checking Immich service health...
[2025-12-12 02:00:02] Immich is healthy (all 4 containers running, API responding)
[2025-12-12 02:00:02] === Docker Cleanup Script Completed ===

[2025-12-12 06:00:01] === Docker Cleanup Script Started ===
[2025-12-12 06:00:01] Checking Docker daemon health...
[2025-12-12 06:00:01] Docker daemon is healthy
[2025-12-12 06:00:01] Checking for stale docker-proxy processes...
[2025-12-12 06:00:01] WARNING: Found stale docker-proxy processes for port 2283: 1403004
1403011
[2025-12-12 06:00:01] Immich containers are running, proxies are legitimate
[2025-12-12 06:00:01] Performing Docker cleanup...
[2025-12-12 06:00:01] Docker system cleanup completed
[2025-12-12 06:00:01]   Total reclaimed space: 0B
[2025-12-12 06:00:01] Docker network cleanup completed
[2025-12-12 06:00:01] Checking Immich service health...
[2025-12-12 06:00:01] Immich is healthy (all 4 containers running, API responding)
[2025-12-12 06:00:01] === Docker Cleanup Script Completed ===

[2025-12-12 12:00:01] === Docker Cleanup Script Started ===
[2025-12-12 12:00:01] Checking Docker daemon health...
[2025-12-12 12:00:01] Docker daemon is healthy
[2025-12-12 12:00:01] Checking for stale docker-proxy processes...
[2025-12-12 12:00:01] WARNING: Found stale docker-proxy processes for port 2283: 1403004
1403011
[2025-12-12 12:00:01] Immich containers are running, proxies are legitimate
[2025-12-12 12:00:01] Performing Docker cleanup...
[2025-12-12 12:00:01] Docker system cleanup completed
[2025-12-12 12:00:01]   Total reclaimed space: 0B
[2025-12-12 12:00:01] Docker network cleanup completed
[2025-12-12 12:00:01] Checking Immich service health...
[2025-12-12 12:00:01] Immich is healthy (all 4 containers running, API responding)
[2025-12-12 12:00:01] === Docker Cleanup Script Completed ===

[2025-12-12 18:00:01] === Docker Cleanup Script Started ===
[2025-12-12 18:00:01] Checking Docker daemon health...
[2025-12-12 18:00:01] Docker daemon is healthy
[2025-12-12 18:00:01] Checking for stale docker-proxy processes...
[2025-12-12 18:00:01] WARNING: Found stale docker-proxy processes for port 2283: 1403004
1403011
[2025-12-12 18:00:01] Immich containers are running, proxies are legitimate
[2025-12-12 18:00:01] Performing Docker cleanup...
[2025-12-12 18:00:01] Docker system cleanup completed
[2025-12-12 18:00:01]   Total reclaimed space: 0B
[2025-12-12 18:00:01] Docker network cleanup completed
[2025-12-12 18:00:01] Checking Immich service health...
[2025-12-12 18:00:01] Immich is healthy (all 4 containers running, API responding)
[2025-12-12 18:00:01] === Docker Cleanup Script Completed ===

[2025-12-13 00:00:01] === Docker Cleanup Script Started ===
[2025-12-13 00:00:01] Checking Docker daemon health...
[2025-12-13 00:00:01] Docker daemon is healthy
[2025-12-13 00:00:01] Checking for stale docker-proxy processes...
[2025-12-13 00:00:01] WARNING: Found stale docker-proxy processes for port 2283: 1403004
1403011
[2025-12-13 00:00:01] Immich containers are running, proxies are legitimate
[2025-12-13 00:00:01] Performing Docker cleanup...
[2025-12-13 00:00:01] Docker system cleanup completed
[2025-12-13 00:00:01]   Total reclaimed space: 0B
[2025-12-13 00:00:01] Docker network cleanup completed
[2025-12-13 00:00:01] Checking Immich service health...
[2025-12-13 00:00:01] Immich is healthy (all 4 containers running, API responding)
[2025-12-13 00:00:01] === Docker Cleanup Script Completed ===

[2025-12-13 02:00:01] === Docker Cleanup Script Started ===
[2025-12-13 02:00:01] Checking Docker daemon health...
[2025-12-13 02:00:02] Docker daemon is healthy
[2025-12-13 02:00:02] Checking for stale docker-proxy processes...
[2025-12-13 02:00:02] WARNING: Found stale docker-proxy processes for port 2283: 1403004
1403011
[2025-12-13 02:00:02] Immich containers are running, proxies are legitimate
[2025-12-13 02:00:02] Performing Docker cleanup...
[2025-12-13 02:00:02] Docker system cleanup completed
[2025-12-13 02:00:02]   Total reclaimed space: 0B
[2025-12-13 02:00:02] Docker network cleanup completed
[2025-12-13 02:00:02] Checking Immich service health...
[2025-12-13 02:00:02] Immich is healthy (all 4 containers running, API responding)
[2025-12-13 02:00:02] === Docker Cleanup Script Completed ===

[2025-12-13 06:00:01] === Docker Cleanup Script Started ===
[2025-12-13 06:00:01] Checking Docker daemon health...
[2025-12-13 06:00:01] Docker daemon is healthy
[2025-12-13 06:00:01] Checking for stale docker-proxy processes...
[2025-12-13 06:00:01] WARNING: Found stale docker-proxy processes for port 2283: 3275604
3275611
[2025-12-13 06:00:01] Immich containers are running, proxies are legitimate
[2025-12-13 06:00:01] Performing Docker cleanup...
[2025-12-13 06:00:01] Docker system cleanup completed
[2025-12-13 06:00:01]   Total reclaimed space: 0B
[2025-12-13 06:00:01] Docker network cleanup completed
[2025-12-13 06:00:01] Checking Immich service health...
[2025-12-13 06:00:01] Immich is healthy (all 4 containers running, API responding)
[2025-12-13 06:00:01] === Docker Cleanup Script Completed ===

[2025-12-13 12:00:01] === Docker Cleanup Script Started ===
[2025-12-13 12:00:01] Checking Docker daemon health...
[2025-12-13 12:00:01] Docker daemon is healthy
[2025-12-13 12:00:01] Checking for stale docker-proxy processes...
[2025-12-13 12:00:01] WARNING: Found stale docker-proxy processes for port 2283: 3275604
3275611
[2025-12-13 12:00:01] Immich containers are running, proxies are legitimate
[2025-12-13 12:00:01] Performing Docker cleanup...
[2025-12-13 12:00:01] Docker system cleanup completed
[2025-12-13 12:00:01]   Total reclaimed space: 0B
[2025-12-13 12:00:01] Docker network cleanup completed
[2025-12-13 12:00:01] Checking Immich service health...
[2025-12-13 12:00:01] Immich is healthy (all 4 containers running, API responding)
[2025-12-13 12:00:01] === Docker Cleanup Script Completed ===

[2025-12-13 18:00:01] === Docker Cleanup Script Started ===
[2025-12-13 18:00:01] Checking Docker daemon health...
[2025-12-13 18:00:01] Docker daemon is healthy
[2025-12-13 18:00:01] Checking for stale docker-proxy processes...
[2025-12-13 18:00:01] WARNING: Found stale docker-proxy processes for port 2283: 3275604
3275611
[2025-12-13 18:00:01] Immich containers are running, proxies are legitimate
[2025-12-13 18:00:01] Performing Docker cleanup...
[2025-12-13 18:00:01] Docker system cleanup completed
[2025-12-13 18:00:01]   Total reclaimed space: 0B
[2025-12-13 18:00:01] Docker network cleanup completed
[2025-12-13 18:00:01] Checking Immich service health...
[2025-12-13 18:00:02] Immich is healthy (all 4 containers running, API responding)
[2025-12-13 18:00:02] === Docker Cleanup Script Completed ===

[2025-12-14 00:00:01] === Docker Cleanup Script Started ===
[2025-12-14 00:00:01] Checking Docker daemon health...
[2025-12-14 00:00:01] Docker daemon is healthy
[2025-12-14 00:00:01] Checking for stale docker-proxy processes...
[2025-12-14 00:00:01] WARNING: Found stale docker-proxy processes for port 2283: 3275604
3275611
[2025-12-14 00:00:01] Immich containers are running, proxies are legitimate
[2025-12-14 00:00:01] Performing Docker cleanup...
[2025-12-14 00:00:01] Docker system cleanup completed
[2025-12-14 00:00:01]   Deleted Containers:
[2025-12-14 00:00:01]   Total reclaimed space: 1.109GB
[2025-12-14 00:00:01] Docker network cleanup completed
[2025-12-14 00:00:01] Checking Immich service health...
[2025-12-14 00:00:01] Immich is healthy (all 4 containers running, API responding)
[2025-12-14 00:00:01] === Docker Cleanup Script Completed ===

[2025-12-14 02:00:01] === Docker Cleanup Script Started ===
[2025-12-14 02:00:01] Checking Docker daemon health...
[2025-12-14 02:00:01] Docker daemon is healthy
[2025-12-14 02:00:01] Checking for stale docker-proxy processes...
[2025-12-14 02:00:01] WARNING: Found stale docker-proxy processes for port 2283: 3275604
3275611
[2025-12-14 02:00:01] Immich containers are running, proxies are legitimate
[2025-12-14 02:00:01] Performing Docker cleanup...
[2025-12-14 02:00:01] Docker system cleanup completed
[2025-12-14 02:00:01]   Total reclaimed space: 0B
[2025-12-14 02:00:01] Docker network cleanup completed
[2025-12-14 02:00:01] Checking Immich service health...
[2025-12-14 02:00:01] Immich is healthy (all 4 containers running, API responding)
[2025-12-14 02:00:01] === Docker Cleanup Script Completed ===

[2025-12-14 06:00:01] === Docker Cleanup Script Started ===
[2025-12-14 06:00:01] Checking Docker daemon health...
[2025-12-14 06:00:02] Docker daemon is healthy
[2025-12-14 06:00:02] Checking for stale docker-proxy processes...
[2025-12-14 06:00:02] WARNING: Found stale docker-proxy processes for port 2283: 3275604
3275611
[2025-12-14 06:00:02] Immich containers are running, proxies are legitimate
[2025-12-14 06:00:02] Performing Docker cleanup...
[2025-12-14 06:00:02] Docker system cleanup completed
[2025-12-14 06:00:02]   Total reclaimed space: 0B
[2025-12-14 06:00:02] Docker network cleanup completed
[2025-12-14 06:00:02] Checking Immich service health...
[2025-12-14 06:00:02] Immich is healthy (all 4 containers running, API responding)
[2025-12-14 06:00:02] === Docker Cleanup Script Completed ===

[2025-12-14 12:00:01] === Docker Cleanup Script Started ===
[2025-12-14 12:00:01] Checking Docker daemon health...
[2025-12-14 12:00:01] Docker daemon is healthy
[2025-12-14 12:00:01] Checking for stale docker-proxy processes...
[2025-12-14 12:00:01] WARNING: Found stale docker-proxy processes for port 2283: 3275604
3275611
[2025-12-14 12:00:01] Immich containers are running, proxies are legitimate
[2025-12-14 12:00:01] Performing Docker cleanup...
[2025-12-14 12:00:01] Docker system cleanup completed
[2025-12-14 12:00:01]   Total reclaimed space: 0B
[2025-12-14 12:00:01] Docker network cleanup completed
[2025-12-14 12:00:01] Checking Immich service health...
[2025-12-14 12:00:01] Immich is healthy (all 4 containers running, API responding)
[2025-12-14 12:00:01] === Docker Cleanup Script Completed ===

[2025-12-14 18:00:01] === Docker Cleanup Script Started ===
[2025-12-14 18:00:01] Checking Docker daemon health...
[2025-12-14 18:00:01] Docker daemon is healthy
[2025-12-14 18:00:01] Checking for stale docker-proxy processes...
[2025-12-14 18:00:01] WARNING: Found stale docker-proxy processes for port 2283: 3275604
3275611
[2025-12-14 18:00:01] Immich containers are running, proxies are legitimate
[2025-12-14 18:00:01] Performing Docker cleanup...
[2025-12-14 18:00:01] Docker system cleanup completed
[2025-12-14 18:00:01]   Total reclaimed space: 0B
[2025-12-14 18:00:01] Docker network cleanup completed
[2025-12-14 18:00:01] Checking Immich service health...
[2025-12-14 18:00:01] Immich is healthy (all 4 containers running, API responding)
[2025-12-14 18:00:01] === Docker Cleanup Script Completed ===

[2025-12-15 00:00:01] === Docker Cleanup Script Started ===
[2025-12-15 00:00:01] Checking Docker daemon health...
[2025-12-15 00:00:01] Docker daemon is healthy
[2025-12-15 00:00:01] Checking for stale docker-proxy processes...
[2025-12-15 00:00:01] WARNING: Found stale docker-proxy processes for port 2283: 537750
537758
[2025-12-15 00:00:02] Immich containers are running, proxies are legitimate
[2025-12-15 00:00:02] Performing Docker cleanup...
[2025-12-15 00:00:02] Docker system cleanup completed
[2025-12-15 00:00:02]   Total reclaimed space: 0B
[2025-12-15 00:00:02] Docker network cleanup completed
[2025-12-15 00:00:02] Checking Immich service health...
[2025-12-15 00:00:02] Immich is healthy (all 4 containers running, API responding)
[2025-12-15 00:00:02] === Docker Cleanup Script Completed ===

