nohup: ignoring input
[2026-03-30 21:42:10] ==========================================
[2026-03-30 21:42:10] ACSM Watcher started
[2026-03-30 21:42:10] Watching: /mnt/boston/media/downloads/books
[2026-03-30 21:42:10] Poll interval: 30s
[2026-03-30 21:42:10] ==========================================
[2026-03-30 21:42:16] New ACSM detected: The Way of Shadows_196487.acsm
[2026-03-30 21:42:16] Adding to Calibre library (fulfilling via deACSM + decrypting via DeDRM)...
[2026-03-30 21:42:23]  Container calibre  Stopping
 Container calibre  Stopped
DeDRM v10.0.9: Trying to decrypt qflgu1kl.epub
DeDRM v10.0.9: Verifying zip archive integrity
DeDRM v10.0.9: qflgu1kl.epub is a secure Adobe Adept ePub for UUID ed5658c9-0cc8-430e-a5f2-65dd48a760c6
DeDRM v10.0.9: Trying UUID-matched encryption key DeACSM_uuid_ed5658c9-0cc8-430e-a5f2-65dd48a760c6
ri60v4dl.epub is a secure Adobe Adept ePub.
DeDRM v10.0.9: Decrypted with key DeACSM_uuid_ed5658c9-0cc8-430e-a5f2-65dd48a760c6 after 0.6 seconds
DeDRM v10.0.9: Post-processing took 0.0 seconds
DeDRM v10.0.9: Finished after 0.6 seconds
The following books were not added as they already exist in the database (see --duplicates option or --automerge option):
  The Way of Shadows
DeACSM v0.0.16: Trying to parse file The Way of Shadows_196487.acsm
DeACSM v0.0.16: Try to fulfill ...
Notifying server ...
Notifying server https://acsepub.contentreserve.com/fulfillment/FulfillmentNotification
Fulfillment notification successful.
Notifying optional server https://ofs.contentreserve.com/ACSNotificationService.svc/Notify
Weird Fulfillment Notification response: 
DeACSM v0.0.16: Downloading book ...
DeACSM v0.0.16: Loading book from https://acs.cdn.overdrive.com/ACSStore1/0017-1/746/483/7C/{7464837C-4B1B-4594-B836-CA8968E7CBED}Fmt410.epub
Download took 276 ms (HTTP 200)
That's a ZIP file -> EPUB
DeACSM v0.0.16: File successfully fulfilled ...
DeACSM v0.0.16: Executing plugin DeDRM ...
DeACSM v0.0.16: Plugin returned path '/tmp/calibre-0sxchdvb/7dhxqmqf.epub', updating.
    /incoming/The Way of Shadows_196487.acsm
 Container calibre  Starting
 Container calibre  Started
[2026-03-30 21:42:23] Book already exists in library — marking as processed.
[2026-03-30 21:45:25] New ACSM detected: Shadow's Edge_196271.acsm
[2026-03-30 21:45:25] Adding to Calibre library (fulfilling via deACSM + decrypting via DeDRM)...
[2026-03-30 21:45:35]  Container calibre  Stopping
 Container calibre  Stopped
DeDRM v10.0.9: Trying to decrypt oa6qa1s2.epub
DeDRM v10.0.9: Verifying zip archive integrity
DeDRM v10.0.9: oa6qa1s2.epub is a secure Adobe Adept ePub for UUID ed5658c9-0cc8-430e-a5f2-65dd48a760c6
DeDRM v10.0.9: Trying UUID-matched encryption key DeACSM_uuid_ed5658c9-0cc8-430e-a5f2-65dd48a760c6
6xwjacpq.epub is a secure Adobe Adept ePub.
DeDRM v10.0.9: Decrypted with key DeACSM_uuid_ed5658c9-0cc8-430e-a5f2-65dd48a760c6 after 0.6 seconds
DeDRM v10.0.9: Post-processing took 0.0 seconds
DeDRM v10.0.9: Finished after 0.6 seconds
DeACSM v0.0.16: Trying to parse file Shadow's Edge_196271.acsm
DeACSM v0.0.16: Try to fulfill ...
Notifying server ...
Notifying server https://acsepub.contentreserve.com/fulfillment/FulfillmentNotification
Fulfillment notification successful.
Notifying optional server https://ofs.contentreserve.com/ACSNotificationService.svc/Notify
Weird Fulfillment Notification response: 
DeACSM v0.0.16: Downloading book ...
DeACSM v0.0.16: Loading book from https://acs.cdn.overdrive.com/ACSStore1/0017-1/F9A/E92/65/{F9AE9265-D499-43F7-8150-2950E944698D}Fmt410.epub
Download took 289 ms (HTTP 200)
That's a ZIP file -> EPUB
DeACSM v0.0.16: File successfully fulfilled ...
DeACSM v0.0.16: Executing plugin DeDRM ...
DeACSM v0.0.16: Plugin returned path '/tmp/calibre-f50qh_7p/2q10iud_.epub', updating.
Added book ids: 1162
 Container calibre  Starting
 Container calibre  Started
[2026-03-30 21:45:39] Book added with ID: 1162
[2026-03-30 21:45:39] Running Count Pages on book 1162...
[2026-03-30 21:45:53] Saved page count: 508
[2026-03-30 21:45:58] Saved word count: 169565
[2026-03-30 21:45:58] Fetching metadata (series, publication date) for book 1162...
[2026-03-30 21:46:04] Saved series: Night Angel
[2026-03-30 21:46:10] Saved series index: 2
[2026-03-30 21:46:10] WARNING: Could not find Calibre window — content server may not show new book until next refresh
[2026-03-30 21:46:10] Finished processing: Shadow's Edge_196271.acsm (book ID: 1162)
[2026-03-30 21:51:43] New ACSM detected: Beyond the Shadows_195857.acsm
[2026-03-30 21:51:43] Adding to Calibre library (fulfilling via deACSM + decrypting via DeDRM)...
[2026-03-30 21:51:56]  Container calibre  Stopping
 Container calibre  Stopped
DeDRM v10.0.9: Trying to decrypt 92eodnmm.epub
DeDRM v10.0.9: Verifying zip archive integrity
DeDRM v10.0.9: 92eodnmm.epub is a secure Adobe Adept ePub for UUID ed5658c9-0cc8-430e-a5f2-65dd48a760c6
DeDRM v10.0.9: Trying UUID-matched encryption key DeACSM_uuid_ed5658c9-0cc8-430e-a5f2-65dd48a760c6
_whhosnp.epub is a secure Adobe Adept ePub.
DeDRM v10.0.9: Decrypted with key DeACSM_uuid_ed5658c9-0cc8-430e-a5f2-65dd48a760c6 after 2.3 seconds
DeDRM v10.0.9: Post-processing took 0.0 seconds
DeDRM v10.0.9: Finished after 2.3 seconds
DeACSM v0.0.16: Trying to parse file Beyond the Shadows_195857.acsm
DeACSM v0.0.16: Try to fulfill ...
Notifying server ...
Notifying server https://acsepub.contentreserve.com/fulfillment/FulfillmentNotification
Fulfillment notification successful.
Notifying optional server https://ofs.contentreserve.com/ACSNotificationService.svc/Notify
Weird Fulfillment Notification response: 
DeACSM v0.0.16: Downloading book ...
DeACSM v0.0.16: Loading book from https://acs.cdn.overdrive.com/ACSStore1/0017-1/19C/678/C7/{19C678C7-0CB3-4926-8101-F3A5A9AA527B}Fmt410.epub
Download took 501 ms (HTTP 200)
That's a ZIP file -> EPUB
DeACSM v0.0.16: File successfully fulfilled ...
DeACSM v0.0.16: Executing plugin DeDRM ...
DeACSM v0.0.16: Plugin returned path '/tmp/calibre-y2tc47bj/34fmxs0p.epub', updating.
Added book ids: 1163
 Container calibre  Starting
 Container calibre  Started
[2026-03-30 21:52:00] Book added with ID: 1163
[2026-03-30 21:52:00] Running Count Pages on book 1163...
[2026-03-30 21:52:17] Saved page count: 616
[2026-03-30 21:52:23] Saved word count: 183380
[2026-03-30 21:52:23] Fetching metadata (series, publication date) for book 1163...
[2026-03-30 21:52:29] Saved series: Night Angel
[2026-03-30 21:52:35] Saved series index: 3
[2026-03-30 21:52:35] WARNING: Could not find Calibre window — content server may not show new book until next refresh
[2026-03-30 21:52:35] Finished processing: Beyond the Shadows_195857.acsm (book ID: 1163)
[2026-03-30 22:02:41] New ACSM detected: American Gods_577443.acsm
[2026-03-30 22:02:41] Adding to Calibre library (fulfilling via deACSM + decrypting via DeDRM)...
[2026-03-30 22:02:50]  Container calibre  Stopping
 Container calibre  Stopped
DeDRM v10.0.9: Trying to decrypt alip0l6w.epub
DeDRM v10.0.9: Verifying zip archive integrity
DeDRM v10.0.9: alip0l6w.epub is a secure Adobe Adept ePub for UUID ed5658c9-0cc8-430e-a5f2-65dd48a760c6
DeDRM v10.0.9: Trying UUID-matched encryption key DeACSM_uuid_ed5658c9-0cc8-430e-a5f2-65dd48a760c6
wwkq1qo5.epub is a secure Adobe Adept ePub.
DeDRM v10.0.9: Decrypted with key DeACSM_uuid_ed5658c9-0cc8-430e-a5f2-65dd48a760c6 after 0.6 seconds
DeDRM v10.0.9: Post-processing took 0.0 seconds
DeDRM v10.0.9: Finished after 0.7 seconds
DeACSM v0.0.16: Trying to parse file American Gods_577443.acsm
DeACSM v0.0.16: Try to fulfill ...
Notifying server ...
Notifying server https://acsepub.contentreserve.com/fulfillment/FulfillmentNotification
Fulfillment notification successful.
Notifying optional server https://ofs.contentreserve.com/ACSNotificationService.svc/Notify
Weird Fulfillment Notification response: 
DeACSM v0.0.16: Downloading book ...
DeACSM v0.0.16: Loading book from https://acs.cdn.overdrive.com/ACSStore1/0293-1/477/A53/0E/{477A530E-D4C3-42E4-AD0F-96B4F3E68745}Fmt410.epub
Download took 313 ms (HTTP 200)
That's a ZIP file -> EPUB
DeACSM v0.0.16: File successfully fulfilled ...
DeACSM v0.0.16: Executing plugin DeDRM ...
DeACSM v0.0.16: Plugin returned path '/tmp/calibre-k1rjmqn8/3aw3wojo.epub', updating.
Added book ids: 1166
 Container calibre  Starting
 Container calibre  Started
[2026-03-30 22:02:55] Book added with ID: 1166
[2026-03-30 22:02:55] Running Count Pages on book 1166...
[2026-03-30 22:03:09] Saved page count: 498
[2026-03-30 22:03:15] Saved word count: 199003
[2026-03-30 22:03:15] Fetching metadata (series, publication date) for book 1166...
[2026-03-30 22:03:26] Saved publication date: 2011-06-21
[2026-03-30 22:03:26] WARNING: Could not find Calibre window — content server may not show new book until next refresh
[2026-03-30 22:03:26] Finished processing: American Gods_577443.acsm (book ID: 1166)
[2026-03-30 22:03:57] New ACSM detected: Faerie Tale_206834.acsm
[2026-03-30 22:03:57] Adding to Calibre library (fulfilling via deACSM + decrypting via DeDRM)...
[2026-03-30 22:04:06]  Container calibre  Stopping
 Container calibre  Stopped
DeDRM v10.0.9: Trying to decrypt kxr3dx10.epub
DeDRM v10.0.9: Verifying zip archive integrity
DeDRM v10.0.9: kxr3dx10.epub is a secure Adobe Adept ePub for UUID ed5658c9-0cc8-430e-a5f2-65dd48a760c6
DeDRM v10.0.9: Trying UUID-matched encryption key DeACSM_uuid_ed5658c9-0cc8-430e-a5f2-65dd48a760c6
p94cb_2f.epub is a secure Adobe Adept ePub.
DeDRM v10.0.9: Decrypted with key DeACSM_uuid_ed5658c9-0cc8-430e-a5f2-65dd48a760c6 after 0.7 seconds
DeDRM v10.0.9: Post-processing took 0.0 seconds
DeDRM v10.0.9: Finished after 0.7 seconds
DeACSM v0.0.16: Trying to parse file Faerie Tale_206834.acsm
DeACSM v0.0.16: Try to fulfill ...
Notifying server ...
Notifying server https://acsepub.contentreserve.com/fulfillment/FulfillmentNotification
Fulfillment notification successful.
Notifying optional server https://ofs.contentreserve.com/ACSNotificationService.svc/Notify
Weird Fulfillment Notification response: 
DeACSM v0.0.16: Downloading book ...
DeACSM v0.0.16: Loading book from https://acs.cdn.overdrive.com/ACSStore1/0111-1/149/27D/C9/{14927DC9-62ED-4A69-AB72-12A295D5593B}Fmt410.epub
Download took 238 ms (HTTP 200)
That's a ZIP file -> EPUB
DeACSM v0.0.16: File successfully fulfilled ...
DeACSM v0.0.16: Executing plugin DeDRM ...
DeACSM v0.0.16: Plugin returned path '/tmp/calibre-zeh03xb3/q73gffli.epub', updating.
Added book ids: 1167
 Container calibre  Starting
 Container calibre  Started
[2026-03-30 22:04:12] Book added with ID: 1167
[2026-03-30 22:04:12] Running Count Pages on book 1167...
[2026-03-30 22:04:26] Saved page count: 463
[2026-03-30 22:04:31] Saved word count: 146567
[2026-03-30 22:04:31] Fetching metadata (series, publication date) for book 1167...
[2026-03-30 22:04:33] WARNING: Could not find Calibre window — content server may not show new book until next refresh
[2026-03-30 22:04:33] Finished processing: Faerie Tale_206834.acsm (book ID: 1167)
